2022-12-30 13:16:32.097  INFO 13528 --- [JavaFX-Launcher] o.s.boot.SpringApplication               : Starting application using Java 11.0.13 on Beast with PID 13528 (started by allou in D:\Spring-Boot\master\software_traceability\software_traceability)
2022-12-30 13:16:32.100  INFO 13528 --- [JavaFX-Launcher] o.s.boot.SpringApplication               : No active profile set, falling back to default profiles: default
2022-12-30 13:16:32.140  INFO 13528 --- [JavaFX-Launcher] .e.DevToolsPropertyDefaultsPostProcessor : For additional web related logging consider setting the 'logging.level.web' property to 'DEBUG'
2022-12-30 13:16:32.766  INFO 13528 --- [JavaFX-Launcher] .s.d.r.c.RepositoryConfigurationDelegate : Bootstrapping Spring Data MongoDB repositories in DEFAULT mode.
2022-12-30 13:16:32.845  INFO 13528 --- [JavaFX-Launcher] .s.d.r.c.RepositoryConfigurationDelegate : Finished Spring Data repository scanning in 69 ms. Found 2 MongoDB repository interfaces.
2022-12-30 13:16:33.071  INFO 13528 --- [JavaFX-Launcher] org.mongodb.driver.cluster               : Cluster created with settings {hosts=[localhost:27017], mode=SINGLE, requiredClusterType=UNKNOWN, serverSelectionTimeout='30000 ms'}
2022-12-30 13:16:33.120  INFO 13528 --- [cluster-ClusterId{value='63aed6a1510dd5430914acf3', description='null'}-localhost:27017] org.mongodb.driver.connection            : Opened connection [connectionId{localValue:1, serverValue:244}] to localhost:27017
2022-12-30 13:16:33.120  INFO 13528 --- [cluster-rtt-ClusterId{value='63aed6a1510dd5430914acf3', description='null'}-localhost:27017] org.mongodb.driver.connection            : Opened connection [connectionId{localValue:2, serverValue:245}] to localhost:27017
2022-12-30 13:16:33.123  INFO 13528 --- [cluster-ClusterId{value='63aed6a1510dd5430914acf3', description='null'}-localhost:27017] org.mongodb.driver.cluster               : Monitor thread successfully connected to server with description ServerDescription{address=localhost:27017, type=STANDALONE, state=CONNECTED, ok=true, minWireVersion=0, maxWireVersion=17, maxDocumentSize=16777216, logicalSessionTimeoutMinutes=30, roundTripTimeNanos=17468900}
2022-12-30 13:16:33.539  INFO 13528 --- [JavaFX-Launcher] o.s.boot.SpringApplication               : Started application in 1.931 seconds (JVM running for 3.54)
2022-12-30 13:16:50.102  INFO 13528 --- [JavaFX Application Thread] org.mongodb.driver.connection            : Opened connection [connectionId{localValue:3, serverValue:246}] to localhost:27017
2022-12-30 13:16:51.694  INFO 13528 --- [JavaFX Application Thread] t.s.t.u.g.c.graphics.utils.SwitchScreen  : Switched to Product screen
2022-12-30 13:16:58.773  INFO 13528 --- [JavaFX Application Thread] org.mongodb.driver.connection            : Closed connection [connectionId{localValue:3, serverValue:246}] to localhost:27017 because the pool has been closed.
2022-12-30 13:18:42.857  INFO 32736 --- [JavaFX-Launcher] o.s.boot.SpringApplication               : Starting application using Java 11.0.13 on Beast with PID 32736 (started by allou in D:\Spring-Boot\master\software_traceability\software_traceability)
2022-12-30 13:18:42.863  INFO 32736 --- [JavaFX-Launcher] o.s.boot.SpringApplication               : No active profile set, falling back to default profiles: default
2022-12-30 13:18:42.914  INFO 32736 --- [JavaFX-Launcher] .e.DevToolsPropertyDefaultsPostProcessor : For additional web related logging consider setting the 'logging.level.web' property to 'DEBUG'
2022-12-30 13:18:43.345  INFO 32736 --- [JavaFX-Launcher] .s.d.r.c.RepositoryConfigurationDelegate : Bootstrapping Spring Data MongoDB repositories in DEFAULT mode.
2022-12-30 13:18:43.416  INFO 32736 --- [JavaFX-Launcher] .s.d.r.c.RepositoryConfigurationDelegate : Finished Spring Data repository scanning in 68 ms. Found 2 MongoDB repository interfaces.
2022-12-30 13:18:43.642  INFO 32736 --- [JavaFX-Launcher] org.mongodb.driver.cluster               : Cluster created with settings {hosts=[localhost:27017], mode=SINGLE, requiredClusterType=UNKNOWN, serverSelectionTimeout='30000 ms'}
2022-12-30 13:18:43.691  INFO 32736 --- [cluster-ClusterId{value='63aed7239bb3331933aec35f', description='null'}-localhost:27017] org.mongodb.driver.connection            : Opened connection [connectionId{localValue:1, serverValue:248}] to localhost:27017
2022-12-30 13:18:43.691  INFO 32736 --- [cluster-rtt-ClusterId{value='63aed7239bb3331933aec35f', description='null'}-localhost:27017] org.mongodb.driver.connection            : Opened connection [connectionId{localValue:2, serverValue:247}] to localhost:27017
2022-12-30 13:18:43.694  INFO 32736 --- [cluster-ClusterId{value='63aed7239bb3331933aec35f', description='null'}-localhost:27017] org.mongodb.driver.cluster               : Monitor thread successfully connected to server with description ServerDescription{address=localhost:27017, type=STANDALONE, state=CONNECTED, ok=true, minWireVersion=0, maxWireVersion=17, maxDocumentSize=16777216, logicalSessionTimeoutMinutes=30, roundTripTimeNanos=17817800}
2022-12-30 13:18:44.083  INFO 32736 --- [JavaFX-Launcher] o.s.boot.SpringApplication               : Started application in 1.738 seconds (JVM running for 3.032)
2022-12-30 13:18:59.378  INFO 32736 --- [JavaFX Application Thread] org.mongodb.driver.connection            : Opened connection [connectionId{localValue:3, serverValue:249}] to localhost:27017
2022-12-30 13:19:01.168  INFO 32736 --- [JavaFX Application Thread] t.s.t.u.g.c.graphics.utils.SwitchScreen  : Switched to Product screen
2022-12-30 13:19:19.282  INFO 32736 --- [JavaFX Application Thread] t.s.t.u.g.c.g.ProductUiController        : Add new product
2022-12-30 13:19:19.289  INFO 32736 --- [JavaFX Application Thread] t.s.t.u.g.c.g.ProductUiController        : Nom: velo promo Prix: 890.0 Date: Sat Jan 07 00:00:00 CET 2023
2022-12-30 13:19:19.319  INFO 32736 --- [JavaFX Application Thread] t.s.t.u.g.c.g.ProductUiController        : Product created
2022-12-30 13:19:35.188  INFO 32736 --- [JavaFX Application Thread] t.s.t.u.g.c.g.ProductUiController        : Product found
2022-12-30 13:19:47.683  INFO 32736 --- [JavaFX Application Thread] t.s.t.u.g.c.g.ProductUiController        : Nom: velo promo Prix: 895.0 Date: Sat Jan 07 00:00:00 CET 2023
2022-12-30 13:19:47.684  INFO 32736 --- [JavaFX Application Thread] t.s.t.u.g.c.g.ProductUiController        : Update product
2022-12-30 13:19:47.689  INFO 32736 --- [JavaFX Application Thread] t.s.t.u.g.c.g.ProductUiController        : Product updated
2022-12-30 13:20:04.240  INFO 32736 --- [JavaFX Application Thread] org.mongodb.driver.connection            : Closed connection [connectionId{localValue:3, serverValue:249}] to localhost:27017 because the pool has been closed.
